[debug] [2022-10-06T01:13:30.677Z] ----------------------------------------------------------------------
[debug] [2022-10-06T01:13:30.680Z] Command:       C:\Program Files\nodejs\node.exe C:\Users\Polska\AppData\Roaming\npm\node_modules\firebase-tools\lib\bin\firebase.js init
[debug] [2022-10-06T01:13:30.680Z] CLI Version:   11.14.0
[debug] [2022-10-06T01:13:30.681Z] Platform:      win32
[debug] [2022-10-06T01:13:30.681Z] Node Version:  v16.13.0
[debug] [2022-10-06T01:13:30.682Z] Time:          Wed Oct 05 2022 21:13:30 GMT-0400 (Eastern Daylight Time)
[debug] [2022-10-06T01:13:30.682Z] ----------------------------------------------------------------------
[debug] 
[debug] [2022-10-06T01:13:30.692Z] > command requires scopes: ["email","openid","https://www.googleapis.com/auth/cloudplatformprojects.readonly","https://www.googleapis.com/auth/firebase","https://www.googleapis.com/auth/cloud-platform"]
[debug] [2022-10-06T01:13:30.693Z] > authorizing via signed-in user (peza361@gmail.com)
[info] 
     ######## #### ########  ######## ########     ###     ######  ########
     ##        ##  ##     ## ##       ##     ##  ##   ##  ##       ##
     ######    ##  ########  ######   ########  #########  ######  ######
     ##        ##  ##    ##  ##       ##     ## ##     ##       ## ##
     ##       #### ##     ## ######## ########  ##     ##  ######  ########

You're about to initialize a Firebase project in this directory:

  C:\Users\Polska\Desktop\VSC_Projects\Movie_MySQL_Project

[info] 
=== Project Setup
[info] 
[info] First, let's associate this project directory with a Firebase project.
[info] You can create multiple project aliases by running firebase use --add, 
[info] but for now we'll just set up a default project.
[info] 
[debug] [2022-10-06T01:15:05.030Z] >>> [apiv2][query] GET https://firebase.googleapis.com/v1beta1/projects pageSize=100
[debug] [2022-10-06T01:15:05.453Z] <<< [apiv2][status] GET https://firebase.googleapis.com/v1beta1/projects 200
[debug] [2022-10-06T01:15:05.454Z] <<< [apiv2][body] GET https://firebase.googleapis.com/v1beta1/projects [omitted]
[info] i  Using project media-review-6a699 (Media-Review) 
[info] 
=== Hosting Setup
[info] 
[info] Your public directory is the folder (relative to your project directory) that
[info] will contain Hosting assets to be uploaded with firebase deploy. If you
[info] have a build process for your assets, use your build's output directory.
[info] 
[debug] [2022-10-06T01:17:52.853Z] >>> [apiv2][query] GET https://www.gstatic.com/firebasejs/releases.json [none]
[debug] [2022-10-06T01:17:52.943Z] <<< [apiv2][status] GET https://www.gstatic.com/firebasejs/releases.json 200
[debug] [2022-10-06T01:17:52.943Z] <<< [apiv2][body] GET https://www.gstatic.com/firebasejs/releases.json {"current":{"version":"9.10.0","browserURL":"https://www.gstatic.com/firebasejs/9.10.0/firebase.js","packageURL":"https://www.gstatic.com/firebasejs/9.10.0/firebase.tgz"},"live":{"version":"9.10","browserURL":"https://www.gstatic.com/firebasejs/live/9.10/firebase.js","packageURL":"https://www.gstatic.com/firebasejs/live/9.10/firebase.tgz"},"components":{"analytics":"https://www.gstatic.com/firebasejs/9.10.0/firebase-analytics.js","app":"https://www.gstatic.com/firebasejs/9.10.0/firebase-app.js","app-check":"https://www.gstatic.com/firebasejs/9.10.0/firebase-app-check.js","auth":"https://www.gstatic.com/firebasejs/9.10.0/firebase-auth.js","auth/cordova":"https://www.gstatic.com/firebasejs/9.10.0/firebase-auth/cordova.js","auth/react-native":"https://www.gstatic.com/firebasejs/9.10.0/firebase-auth/react-native.js","functions":"https://www.gstatic.com/firebasejs/9.10.0/firebase-functions.js","firestore":"https://www.gstatic.com/firebasejs/9.10.0/firebase-firestore.js","firestore/lite":"https://www.gstatic.com/firebasejs/9.10.0/firebase-firestore/lite.js","installations":"https://www.gstatic.com/firebasejs/9.10.0/firebase-installations.js","storage":"https://www.gstatic.com/firebasejs/9.10.0/firebase-storage.js","performance":"https://www.gstatic.com/firebasejs/9.10.0/firebase-performance.js","remote-config":"https://www.gstatic.com/firebasejs/9.10.0/firebase-remote-config.js","messaging":"https://www.gstatic.com/firebasejs/9.10.0/firebase-messaging.js","messaging/sw":"https://www.gstatic.com/firebasejs/9.10.0/firebase-messaging/sw.js","database":"https://www.gstatic.com/firebasejs/9.10.0/firebase-database.js","firestore.memory":"https://www.gstatic.com/firebasejs/9.10.0/firebase-firestore.memory.js"}}
[info] +  Wrote public/index.html 
[info] 
[info] i  Detected a .git folder at C:\Users\Polska\Desktop\VSC_Projects\Movie_MySQL_Project 
[info] i  Authorizing with GitHub to upload your service account to a GitHub repository's secrets store. 
[info] 
[info] Visit this URL on this device to log in:
[info] https://github.com/login/oauth/authorize?client_id=89cf50f02ac6aaed3484&state=70794971&redirect_uri=http%3A%2F%2Flocalhost%3A9005&scope=read%3Auser%20repo%20public_repo
[info] 
[info] Waiting for authentication...
[debug] [2022-10-06T01:17:54.274Z] >>> [apiv2][query] POST https://github.com/login/oauth/access_token [none]
[debug] [2022-10-06T01:17:54.274Z] >>> [apiv2][body] POST https://github.com/login/oauth/access_token [stream]
[debug] [2022-10-06T01:17:54.479Z] <<< [apiv2][status] POST https://github.com/login/oauth/access_token 200
[debug] [2022-10-06T01:17:54.479Z] <<< [apiv2][body] POST https://github.com/login/oauth/access_token {"access_token":"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","token_type":"bearer","scope":"read:user,repo"}
[debug] [2022-10-06T01:17:54.486Z] >>> [apiv2][query] GET https://api.github.com/user [none]
[debug] [2022-10-06T01:17:54.679Z] <<< [apiv2][status] GET https://api.github.com/user 200
[debug] [2022-10-06T01:17:54.679Z] <<< [apiv2][body] GET https://api.github.com/user {"login":"Developer366","id":43709073,"node_id":"MDQ6VXNlcjQzNzA5MDcz","avatar_url":"https://avatars.githubusercontent.com/u/43709073?v=4","gravatar_id":"","url":"https://api.github.com/users/Developer366","html_url":"https://github.com/Developer366","followers_url":"https://api.github.com/users/Developer366/followers","following_url":"https://api.github.com/users/Developer366/following{/other_user}","gists_url":"https://api.github.com/users/Developer366/gists{/gist_id}","starred_url":"https://api.github.com/users/Developer366/starred{/owner}{/repo}","subscriptions_url":"https://api.github.com/users/Developer366/subscriptions","organizations_url":"https://api.github.com/users/Developer366/orgs","repos_url":"https://api.github.com/users/Developer366/repos","events_url":"https://api.github.com/users/Developer366/events{/privacy}","received_events_url":"https://api.github.com/users/Developer366/received_events","type":"User","site_admin":false,"name":"Kamil Peza","company":null,"blog":"https://www.kamilpeza.com/","location":"New York City, New York","email":null,"hireable":true,"bio":null,"twitter_username":null,"public_repos":22,"public_gists":0,"followers":2,"following":3,"created_at":"2018-09-29T19:25:48Z","updated_at":"2022-07-26T02:22:44Z","private_gists":0,"total_private_repos":3,"owned_private_repos":3,"disk_usage":126653,"collaborators":0,"two_factor_authentication":false,"plan":{"name":"free","space":976562499,"collaborators":0,"private_repos":10000}}
[info] 
[info] +  Success! Logged into GitHub as Developer366 
[info] 
[debug] [2022-10-06T01:18:19.607Z] >>> [apiv2][query] GET https://api.github.com/repos/y/actions/secrets/public-key type=owner
[debug] [2022-10-06T01:18:19.735Z] <<< [apiv2][status] GET https://api.github.com/repos/y/actions/secrets/public-key 404
[debug] [2022-10-06T01:18:19.735Z] <<< [apiv2][body] GET https://api.github.com/repos/y/actions/secrets/public-key {"message":"Not Found","documentation_url":"https://docs.github.com/rest"}
[debug] [2022-10-06T01:18:21.190Z] >>> [apiv2][query] GET https://api.github.com/repos/y/actions/secrets/public-key type=owner
[debug] [2022-10-06T01:18:21.308Z] <<< [apiv2][status] GET https://api.github.com/repos/y/actions/secrets/public-key 404
[debug] [2022-10-06T01:18:21.309Z] <<< [apiv2][body] GET https://api.github.com/repos/y/actions/secrets/public-key {"message":"Not Found","documentation_url":"https://docs.github.com/rest"}
[debug] [2022-10-06T01:18:21.996Z] >>> [apiv2][query] GET https://api.github.com/repos/yy/actions/secrets/public-key type=owner
[debug] [2022-10-06T01:18:22.106Z] <<< [apiv2][status] GET https://api.github.com/repos/yy/actions/secrets/public-key 404
[debug] [2022-10-06T01:18:22.106Z] <<< [apiv2][body] GET https://api.github.com/repos/yy/actions/secrets/public-key {"message":"Not Found","documentation_url":"https://docs.github.com/rest"}
[debug] [2022-10-06T01:18:23.921Z] >>> [apiv2][query] GET https://api.github.com/repos//actions/secrets/public-key type=owner
[debug] [2022-10-06T01:18:24.009Z] <<< [apiv2][status] GET https://api.github.com/repos//actions/secrets/public-key 404
[debug] [2022-10-06T01:18:24.009Z] <<< [apiv2][body] GET https://api.github.com/repos//actions/secrets/public-key {"message":"Not Found","documentation_url":"https://docs.github.com/rest"}
[debug] [2022-10-06T01:18:25.285Z] >>> [apiv2][query] GET https://api.github.com/repos/y/actions/secrets/public-key type=owner
[debug] [2022-10-06T01:18:25.391Z] <<< [apiv2][status] GET https://api.github.com/repos/y/actions/secrets/public-key 404
[debug] [2022-10-06T01:18:25.391Z] <<< [apiv2][body] GET https://api.github.com/repos/y/actions/secrets/public-key {"message":"Not Found","documentation_url":"https://docs.github.com/rest"}
[debug] [2022-10-06T01:18:32.786Z] >>> [apiv2][query] GET https://api.github.com/repos//actions/secrets/public-key type=owner
[debug] [2022-10-06T01:18:32.874Z] <<< [apiv2][status] GET https://api.github.com/repos//actions/secrets/public-key 404
[debug] [2022-10-06T01:18:32.874Z] <<< [apiv2][body] GET https://api.github.com/repos//actions/secrets/public-key {"message":"Not Found","documentation_url":"https://docs.github.com/rest"}
[debug] [2022-10-06T01:18:34.084Z] >>> [apiv2][query] GET https://api.github.com/repos/ /actions/secrets/public-key type=owner
[debug] [2022-10-06T01:18:34.196Z] <<< [apiv2][status] GET https://api.github.com/repos/ /actions/secrets/public-key 404
[debug] [2022-10-06T01:18:34.196Z] <<< [apiv2][body] GET https://api.github.com/repos/ /actions/secrets/public-key {"message":"Not Found","documentation_url":"https://docs.github.com/rest"}
[debug] [2022-10-06T01:19:09.545Z] >>> [apiv2][query] GET https://api.github.com/repos/MediaReview/actions/secrets/public-key type=owner
[debug] [2022-10-06T01:19:09.678Z] <<< [apiv2][status] GET https://api.github.com/repos/MediaReview/actions/secrets/public-key 404
[debug] [2022-10-06T01:19:09.678Z] <<< [apiv2][body] GET https://api.github.com/repos/MediaReview/actions/secrets/public-key {"message":"Not Found","documentation_url":"https://docs.github.com/rest"}
[debug] [2022-10-06T01:19:10.812Z] >>> [apiv2][query] GET https://api.github.com/repos/MediaReview/actions/secrets/public-key type=owner
[debug] [2022-10-06T01:19:10.903Z] <<< [apiv2][status] GET https://api.github.com/repos/MediaReview/actions/secrets/public-key 404
[debug] [2022-10-06T01:19:10.904Z] <<< [apiv2][body] GET https://api.github.com/repos/MediaReview/actions/secrets/public-key {"message":"Not Found","documentation_url":"https://docs.github.com/rest"}
[debug] [2022-10-06T01:19:11.064Z] >>> [apiv2][query] GET https://api.github.com/repos/MediaReview/actions/secrets/public-key type=owner
[debug] [2022-10-06T01:19:11.176Z] <<< [apiv2][status] GET https://api.github.com/repos/MediaReview/actions/secrets/public-key 404
[debug] [2022-10-06T01:19:11.176Z] <<< [apiv2][body] GET https://api.github.com/repos/MediaReview/actions/secrets/public-key {"message":"Not Found","documentation_url":"https://docs.github.com/rest"}
[debug] [2022-10-06T01:19:11.284Z] >>> [apiv2][query] GET https://api.github.com/repos/MediaReview/actions/secrets/public-key type=owner
[debug] [2022-10-06T01:19:11.402Z] <<< [apiv2][status] GET https://api.github.com/repos/MediaReview/actions/secrets/public-key 404
[debug] [2022-10-06T01:19:11.402Z] <<< [apiv2][body] GET https://api.github.com/repos/MediaReview/actions/secrets/public-key {"message":"Not Found","documentation_url":"https://docs.github.com/rest"}
[debug] [2022-10-06T01:19:11.488Z] >>> [apiv2][query] GET https://api.github.com/repos/MediaReview/actions/secrets/public-key type=owner
[debug] [2022-10-06T01:19:11.605Z] <<< [apiv2][status] GET https://api.github.com/repos/MediaReview/actions/secrets/public-key 404
[debug] [2022-10-06T01:19:11.605Z] <<< [apiv2][body] GET https://api.github.com/repos/MediaReview/actions/secrets/public-key {"message":"Not Found","documentation_url":"https://docs.github.com/rest"}
[debug] [2022-10-06T01:19:11.694Z] >>> [apiv2][query] GET https://api.github.com/repos/MediaReview/actions/secrets/public-key type=owner
[debug] [2022-10-06T01:19:11.795Z] <<< [apiv2][status] GET https://api.github.com/repos/MediaReview/actions/secrets/public-key 404
[debug] [2022-10-06T01:19:11.795Z] <<< [apiv2][body] GET https://api.github.com/repos/MediaReview/actions/secrets/public-key {"message":"Not Found","documentation_url":"https://docs.github.com/rest"}
[debug] [2022-10-06T01:19:11.958Z] >>> [apiv2][query] GET https://api.github.com/repos/MediaReview/actions/secrets/public-key type=owner
[debug] [2022-10-06T01:19:12.054Z] <<< [apiv2][status] GET https://api.github.com/repos/MediaReview/actions/secrets/public-key 404
[debug] [2022-10-06T01:19:12.054Z] <<< [apiv2][body] GET https://api.github.com/repos/MediaReview/actions/secrets/public-key {"message":"Not Found","documentation_url":"https://docs.github.com/rest"}
[debug] [2022-10-06T01:19:12.161Z] >>> [apiv2][query] GET https://api.github.com/repos/MediaReview/actions/secrets/public-key type=owner
[debug] [2022-10-06T01:19:12.266Z] <<< [apiv2][status] GET https://api.github.com/repos/MediaReview/actions/secrets/public-key 404
[debug] [2022-10-06T01:19:12.266Z] <<< [apiv2][body] GET https://api.github.com/repos/MediaReview/actions/secrets/public-key {"message":"Not Found","documentation_url":"https://docs.github.com/rest"}
[debug] [2022-10-06T01:19:12.640Z] >>> [apiv2][query] GET https://api.github.com/repos/MediaReview/actions/secrets/public-key type=owner
[debug] [2022-10-06T01:19:12.763Z] <<< [apiv2][status] GET https://api.github.com/repos/MediaReview/actions/secrets/public-key 404
[debug] [2022-10-06T01:19:12.763Z] <<< [apiv2][body] GET https://api.github.com/repos/MediaReview/actions/secrets/public-key {"message":"Not Found","documentation_url":"https://docs.github.com/rest"}
[debug] [2022-10-06T01:19:12.873Z] >>> [apiv2][query] GET https://api.github.com/repos/MediaReview/actions/secrets/public-key type=owner
[debug] [2022-10-06T01:19:12.984Z] <<< [apiv2][status] GET https://api.github.com/repos/MediaReview/actions/secrets/public-key 404
[debug] [2022-10-06T01:19:12.984Z] <<< [apiv2][body] GET https://api.github.com/repos/MediaReview/actions/secrets/public-key {"message":"Not Found","documentation_url":"https://docs.github.com/rest"}
[debug] [2022-10-06T01:19:13.039Z] >>> [apiv2][query] GET https://api.github.com/repos/MediaReview/actions/secrets/public-key type=owner
[debug] [2022-10-06T01:19:13.140Z] <<< [apiv2][status] GET https://api.github.com/repos/MediaReview/actions/secrets/public-key 404
[debug] [2022-10-06T01:19:13.140Z] <<< [apiv2][body] GET https://api.github.com/repos/MediaReview/actions/secrets/public-key {"message":"Not Found","documentation_url":"https://docs.github.com/rest"}
[debug] [2022-10-06T01:19:13.222Z] >>> [apiv2][query] GET https://api.github.com/repos/MediaReview/actions/secrets/public-key type=owner
[debug] [2022-10-06T01:19:13.340Z] <<< [apiv2][status] GET https://api.github.com/repos/MediaReview/actions/secrets/public-key 404
[debug] [2022-10-06T01:19:13.340Z] <<< [apiv2][body] GET https://api.github.com/repos/MediaReview/actions/secrets/public-key {"message":"Not Found","documentation_url":"https://docs.github.com/rest"}
[debug] [2022-10-06T01:19:13.778Z] >>> [apiv2][query] GET https://api.github.com/repos/MediaReview/actions/secrets/public-key type=owner
[debug] [2022-10-06T01:19:13.890Z] <<< [apiv2][status] GET https://api.github.com/repos/MediaReview/actions/secrets/public-key 404
[debug] [2022-10-06T01:19:13.890Z] <<< [apiv2][body] GET https://api.github.com/repos/MediaReview/actions/secrets/public-key {"message":"Not Found","documentation_url":"https://docs.github.com/rest"}
[debug] [2022-10-06T01:19:13.989Z] >>> [apiv2][query] GET https://api.github.com/repos/MediaReview/actions/secrets/public-key type=owner
[debug] [2022-10-06T01:19:14.089Z] <<< [apiv2][status] GET https://api.github.com/repos/MediaReview/actions/secrets/public-key 404
[debug] [2022-10-06T01:19:14.089Z] <<< [apiv2][body] GET https://api.github.com/repos/MediaReview/actions/secrets/public-key {"message":"Not Found","documentation_url":"https://docs.github.com/rest"}
[debug] [2022-10-06T01:19:19.591Z] ----------------------------------------------------------------------
[debug] [2022-10-06T01:19:19.593Z] Command:       C:\Program Files\nodejs\node.exe C:\Users\Polska\AppData\Roaming\npm\node_modules\firebase-tools\lib\bin\firebase.js init
[debug] [2022-10-06T01:19:19.594Z] CLI Version:   11.14.0
[debug] [2022-10-06T01:19:19.594Z] Platform:      win32
[debug] [2022-10-06T01:19:19.594Z] Node Version:  v16.13.0
[debug] [2022-10-06T01:19:19.595Z] Time:          Wed Oct 05 2022 21:19:19 GMT-0400 (Eastern Daylight Time)
[debug] [2022-10-06T01:19:19.596Z] ----------------------------------------------------------------------
[debug] 
[debug] [2022-10-06T01:19:19.604Z] > command requires scopes: ["email","openid","https://www.googleapis.com/auth/cloudplatformprojects.readonly","https://www.googleapis.com/auth/firebase","https://www.googleapis.com/auth/cloud-platform"]
[debug] [2022-10-06T01:19:19.604Z] > authorizing via signed-in user (peza361@gmail.com)
[info] 
     ######## #### ########  ######## ########     ###     ######  ########
     ##        ##  ##     ## ##       ##     ##  ##   ##  ##       ##
     ######    ##  ########  ######   ########  #########  ######  ######
     ##        ##  ##    ##  ##       ##     ## ##     ##       ## ##
     ##       #### ##     ## ######## ########  ##     ##  ######  ########

You're about to initialize a Firebase project in this directory:

  C:\Users\Polska\Desktop\VSC_Projects\Movie_MySQL_Project

[info] 
=== Project Setup
[info] 
[info] First, let's associate this project directory with a Firebase project.
[info] You can create multiple project aliases by running firebase use --add, 
[info] but for now we'll just set up a default project.
[info] 
[debug] [2022-10-06T01:19:31.930Z] >>> [apiv2][query] GET https://firebase.googleapis.com/v1beta1/projects pageSize=100
[debug] [2022-10-06T01:19:32.319Z] <<< [apiv2][status] GET https://firebase.googleapis.com/v1beta1/projects 200
[debug] [2022-10-06T01:19:32.319Z] <<< [apiv2][body] GET https://firebase.googleapis.com/v1beta1/projects [omitted]
[info] i  Using project media-review-6a699 (Media-Review) 
[info] 
=== Hosting Setup
[info] 
[info] Your public directory is the folder (relative to your project directory) that
[info] will contain Hosting assets to be uploaded with firebase deploy. If you
[info] have a build process for your assets, use your build's output directory.
[info] 
[info] +  Wrote public/404.html 
[debug] [2022-10-06T01:21:04.130Z] >>> [apiv2][query] GET https://www.gstatic.com/firebasejs/releases.json [none]
[debug] [2022-10-06T01:21:04.200Z] <<< [apiv2][status] GET https://www.gstatic.com/firebasejs/releases.json 200
[debug] [2022-10-06T01:21:04.200Z] <<< [apiv2][body] GET https://www.gstatic.com/firebasejs/releases.json {"current":{"version":"9.10.0","browserURL":"https://www.gstatic.com/firebasejs/9.10.0/firebase.js","packageURL":"https://www.gstatic.com/firebasejs/9.10.0/firebase.tgz"},"live":{"version":"9.10","browserURL":"https://www.gstatic.com/firebasejs/live/9.10/firebase.js","packageURL":"https://www.gstatic.com/firebasejs/live/9.10/firebase.tgz"},"components":{"analytics":"https://www.gstatic.com/firebasejs/9.10.0/firebase-analytics.js","app":"https://www.gstatic.com/firebasejs/9.10.0/firebase-app.js","app-check":"https://www.gstatic.com/firebasejs/9.10.0/firebase-app-check.js","auth":"https://www.gstatic.com/firebasejs/9.10.0/firebase-auth.js","auth/cordova":"https://www.gstatic.com/firebasejs/9.10.0/firebase-auth/cordova.js","auth/react-native":"https://www.gstatic.com/firebasejs/9.10.0/firebase-auth/react-native.js","functions":"https://www.gstatic.com/firebasejs/9.10.0/firebase-functions.js","firestore":"https://www.gstatic.com/firebasejs/9.10.0/firebase-firestore.js","firestore/lite":"https://www.gstatic.com/firebasejs/9.10.0/firebase-firestore/lite.js","installations":"https://www.gstatic.com/firebasejs/9.10.0/firebase-installations.js","storage":"https://www.gstatic.com/firebasejs/9.10.0/firebase-storage.js","performance":"https://www.gstatic.com/firebasejs/9.10.0/firebase-performance.js","remote-config":"https://www.gstatic.com/firebasejs/9.10.0/firebase-remote-config.js","messaging":"https://www.gstatic.com/firebasejs/9.10.0/firebase-messaging.js","messaging/sw":"https://www.gstatic.com/firebasejs/9.10.0/firebase-messaging/sw.js","database":"https://www.gstatic.com/firebasejs/9.10.0/firebase-database.js","firestore.memory":"https://www.gstatic.com/firebasejs/9.10.0/firebase-firestore.memory.js"}}
[info] +  Wrote public/index.html 
[info] 
[info] i  Detected a .git folder at C:\Users\Polska\Desktop\VSC_Projects\Movie_MySQL_Project 
[info] i  Authorizing with GitHub to upload your service account to a GitHub repository's secrets store. 
[info] 
[info] Visit this URL on this device to log in:
[info] https://github.com/login/oauth/authorize?client_id=89cf50f02ac6aaed3484&state=998697867&redirect_uri=http%3A%2F%2Flocalhost%3A9005&scope=read%3Auser%20repo%20public_repo
[info] 
[info] Waiting for authentication...
[debug] [2022-10-06T01:21:17.259Z] >>> [apiv2][query] POST https://github.com/login/oauth/access_token [none]
[debug] [2022-10-06T01:21:17.259Z] >>> [apiv2][body] POST https://github.com/login/oauth/access_token [stream]
[debug] [2022-10-06T01:21:17.458Z] <<< [apiv2][status] POST https://github.com/login/oauth/access_token 200
[debug] [2022-10-06T01:21:17.459Z] <<< [apiv2][body] POST https://github.com/login/oauth/access_token {"access_token":"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","token_type":"bearer","scope":"read:user,repo"}
[debug] [2022-10-06T01:21:17.465Z] >>> [apiv2][query] GET https://api.github.com/user [none]
[debug] [2022-10-06T01:21:17.682Z] <<< [apiv2][status] GET https://api.github.com/user 200
[debug] [2022-10-06T01:21:17.682Z] <<< [apiv2][body] GET https://api.github.com/user {"login":"Developer366","id":43709073,"node_id":"MDQ6VXNlcjQzNzA5MDcz","avatar_url":"https://avatars.githubusercontent.com/u/43709073?v=4","gravatar_id":"","url":"https://api.github.com/users/Developer366","html_url":"https://github.com/Developer366","followers_url":"https://api.github.com/users/Developer366/followers","following_url":"https://api.github.com/users/Developer366/following{/other_user}","gists_url":"https://api.github.com/users/Developer366/gists{/gist_id}","starred_url":"https://api.github.com/users/Developer366/starred{/owner}{/repo}","subscriptions_url":"https://api.github.com/users/Developer366/subscriptions","organizations_url":"https://api.github.com/users/Developer366/orgs","repos_url":"https://api.github.com/users/Developer366/repos","events_url":"https://api.github.com/users/Developer366/events{/privacy}","received_events_url":"https://api.github.com/users/Developer366/received_events","type":"User","site_admin":false,"name":"Kamil Peza","company":null,"blog":"https://www.kamilpeza.com/","location":"New York City, New York","email":null,"hireable":true,"bio":null,"twitter_username":null,"public_repos":22,"public_gists":0,"followers":2,"following":3,"created_at":"2018-09-29T19:25:48Z","updated_at":"2022-07-26T02:22:44Z","private_gists":0,"total_private_repos":3,"owned_private_repos":3,"disk_usage":126654,"collaborators":0,"two_factor_authentication":false,"plan":{"name":"free","space":976562499,"collaborators":0,"private_repos":10000}}
[info] 
[info] +  Success! Logged into GitHub as Developer366 
[info] 
